0 info it worked if it ends with ok
1 verbose cli [ '/usr/local/bin/node', '/Users/andy/npm/bin/npm', 'start' ]
2 info using npm@3.10.9
3 info using node@v7.7.1
4 verbose run-script [ 'prestart', 'start', 'poststart' ]
5 info lifecycle static_hello@0.1.0~prestart: static_hello@0.1.0
6 silly lifecycle static_hello@0.1.0~prestart: no script for prestart, continuing
7 info lifecycle static_hello@0.1.0~start: static_hello@0.1.0
8 verbose lifecycle static_hello@0.1.0~start: unsafe-perm in lifecycle true
9 verbose lifecycle static_hello@0.1.0~start: PATH: /Users/andy/npm/lib/node_modules/npm/bin/node-gyp-bin:/Users/andy/Dropbox/program/javascript/projects/now/static_hello/node_modules/.bin:/Users/andy/.rvm/gems/ruby-2.4.0/bin:/Users/andy/.rvm/gems/ruby-2.4.0@global/bin:/Users/andy/.rvm/rubies/ruby-2.4.0/bin:/Users/andy/npm/bin:/Library/Frameworks/Python.framework/Versions/2.7/bin:/Library/Frameworks/Python.framework/Versions/3.5/bin:/usr/local/bin:/usr/bin:/bin:/usr/sbin:/sbin:/Users/andy/Dropbox/program/android/android_sdk/android-sdk-macosx//tools:/Users/andy/Dropbox/program/android/android_sdk/android-sdk-macosx//platform-tools:/Users/andy/.yarn/bin:/Users/andy/.rvm/bin
10 verbose lifecycle static_hello@0.1.0~start: CWD: /Users/andy/Dropbox/program/javascript/projects/now/static_hello
11 silly lifecycle static_hello@0.1.0~start: Args: [ '-c', 'node --harmony-async-await index' ]
12 silly lifecycle static_hello@0.1.0~start: Returned: code: 1  signal: null
13 info lifecycle static_hello@0.1.0~start: Failed to exec start script
14 verbose stack Error: static_hello@0.1.0 start: `node --harmony-async-await index`
14 verbose stack Exit status 1
14 verbose stack     at EventEmitter.<anonymous> (/Users/andy/npm/lib/node_modules/npm/lib/utils/lifecycle.js:255:16)
14 verbose stack     at emitTwo (events.js:106:13)
14 verbose stack     at EventEmitter.emit (events.js:194:7)
14 verbose stack     at ChildProcess.<anonymous> (/Users/andy/npm/lib/node_modules/npm/lib/utils/spawn.js:40:14)
14 verbose stack     at emitTwo (events.js:106:13)
14 verbose stack     at ChildProcess.emit (events.js:194:7)
14 verbose stack     at maybeClose (internal/child_process.js:899:16)
14 verbose stack     at Process.ChildProcess._handle.onexit (internal/child_process.js:226:5)
15 verbose pkgid static_hello@0.1.0
16 verbose cwd /Users/andy/Dropbox/program/javascript/projects/now/static_hello
17 error Darwin 14.5.0
18 error argv "/usr/local/bin/node" "/Users/andy/npm/bin/npm" "start"
19 error node v7.7.1
20 error npm  v3.10.9
21 error code ELIFECYCLE
22 error static_hello@0.1.0 start: `node --harmony-async-await index`
22 error Exit status 1
23 error Failed at the static_hello@0.1.0 start script 'node --harmony-async-await index'.
23 error Make sure you have the latest version of node.js and npm installed.
23 error If you do, this is most likely a problem with the static_hello package,
23 error not with npm itself.
23 error Tell the author that this fails on your system:
23 error     node --harmony-async-await index
23 error You can get information on how to open an issue for this project with:
23 error     npm bugs static_hello
23 error Or if that isn't available, you can get their info via:
23 error     npm owner ls static_hello
23 error There is likely additional logging output above.
24 verbose exit [ 1, true ]
